{
  "RSpec": {
    "coverage": {
      "/Users/kzell/Documents/Ada/weekendwarrior/weekend-warrior/01-leap/leap.rb": [
        null,
        null,
        null,
        null,
        null,
        null,
        null,
        null,
        null,
        null,
        null,
        null,
        null,
        null,
        1,
        0,
        0,
        0,
        0,
        0,
        0,
        null,
        0,
        null,
        null,
        null
      ]
    },
    "timestamp": 1504110981
  }
}
